app/build/intermediates/manifest_merge_blame_file/debug/manifest-merger-blame-debug-report.txt
1<?xml version="1.0" encoding="utf-8"?>
2<manifest xmlns:android="http://schemas.android.com/apk/res/android"
3    package="com.techhue.intents"
4    android:versionCode="1"
5    android:versionName="1.0" >
6
7    <uses-sdk
8        android:minSdkVersion="19"
8-->src\main\AndroidManifest.xml
9        android:targetSdkVersion="28" />
9-->src\main\AndroidManifest.xml
10
11    <uses-permission android:name="android.permission.ACCESS_NETWORK_STATE" />
11-->src\main\AndroidManifest.xml:7:5-79
11-->src\main\AndroidManifest.xml:7:22-76
12    <uses-permission android:name="android.permission.WRITE_EXTERNAL_STORAGE" />
12-->src\main\AndroidManifest.xml:9:5-81
12-->src\main\AndroidManifest.xml:9:22-78
13    <uses-permission android:name="android.permission.READ_PHONE_STATE" />
13-->src\main\AndroidManifest.xml:10:5-75
13-->src\main\AndroidManifest.xml:10:22-72
14    <uses-permission android:name="android.permission.READ_EXTERNAL_STORAGE" />
14-->src\main\AndroidManifest.xml:11:5-80
14-->src\main\AndroidManifest.xml:11:22-77
15
16    <application
16-->src\main\AndroidManifest.xml:13:5-77:19
17        android:appComponentFactory="android.support.v4.app.CoreComponentFactory"
17-->[com.android.support:support-compat:28.0.0] AndroidManifest.xml:22:18-91
18        android:debuggable="true"
19        android:icon="@drawable/ic_launcher"
19-->src\main\AndroidManifest.xml:14:9-45
20        android:label="@string/app_name"
20-->src\main\AndroidManifest.xml:15:9-41
21        android:testOnly="true" >
22
23        <!--
24             Listing 5-13: Registering an Activity as an Intent Receiver for viewing
25             content from a specific website using an Intent Filter
26        -->
27        <activity
27-->src\main\AndroidManifest.xml:21:9-35:20
28            android:name="com.techhue.intents.MyBlogViewerActivity"
28-->src\main\AndroidManifest.xml:21:19-55
29            android:process="com.firstActivity" >
29-->src\main\AndroidManifest.xml:22:13-48
30            <intent-filter>
30-->src\main\AndroidManifest.xml:25:13-34:29
31                <action android:name="android.intent.action.VIEW" />
31-->src\main\AndroidManifest.xml:26:17-69
31-->src\main\AndroidManifest.xml:26:25-66
32
33                <category android:name="android.intent.category.DEFAULT" />
33-->src\main\AndroidManifest.xml:28:17-76
33-->src\main\AndroidManifest.xml:28:27-73
34                <category android:name="android.intent.category.BROWSABLE" />
34-->src\main\AndroidManifest.xml:29:17-78
34-->src\main\AndroidManifest.xml:29:27-75
35
36                <data
36-->src\main\AndroidManifest.xml:31:17-33:45
37                    android:host="blog.techhue.com"
37-->src\main\AndroidManifest.xml:32:21-52
38                    android:scheme="http" />
38-->src\main\AndroidManifest.xml:33:21-42
39            </intent-filter>
40        </activity>
41
42        <!-- Listing 5-15: Advertising supported Activity actions -->
43        <activity android:name="com.techhue.intents.NostromoController" >
43-->src\main\AndroidManifest.xml:38:9-47:20
43-->src\main\AndroidManifest.xml:38:19-53
44            <intent-filter android:label="@string/Nuke_From_Orbit" >
44-->src\main\AndroidManifest.xml:39:13-46:29
44-->src\main\AndroidManifest.xml:39:28-67
45                <action android:name="com.pad.nostromo.NUKE_FROM_ORBIT" />
45-->src\main\AndroidManifest.xml:40:17-75
45-->src\main\AndroidManifest.xml:40:25-72
46
47                <data android:mimeType="vnd.moonbase.cursor.item/*" />
47-->src\main\AndroidManifest.xml:31:17-33:45
47-->src\main\AndroidManifest.xml:42:23-68
48
49                <category android:name="android.intent.category.ALTERNATIVE" />
49-->src\main\AndroidManifest.xml:44:17-80
49-->src\main\AndroidManifest.xml:44:27-77
50                <category android:name="android.intent.category.SELECTED_ALTERNATIVE" />
50-->src\main\AndroidManifest.xml:45:17-89
50-->src\main\AndroidManifest.xml:45:27-86
51            </intent-filter>
52        </activity>
53
54        <receiver android:name="com.techhue.intents.MyReceiver" >
54-->src\main\AndroidManifest.xml:49:9-53:20
54-->src\main\AndroidManifest.xml:49:19-45
55            <intent-filter>
55-->src\main\AndroidManifest.xml:50:13-52:29
56                <action android:name="com.paad.intents.MyReceiverAction" />
56-->src\main\AndroidManifest.xml:51:17-76
56-->src\main\AndroidManifest.xml:51:25-73
57            </intent-filter>
58        </receiver>
59
60        <activity
60-->src\main\AndroidManifest.xml:55:9-57:44
61            android:name="com.techhue.intents.SelectHorseActivity"
61-->src\main\AndroidManifest.xml:56:13-48
62            android:label="Select Horse" />
62-->src\main\AndroidManifest.xml:57:13-41
63        <activity
63-->src\main\AndroidManifest.xml:58:9-60:42
64            android:name="com.techhue.intents.SelectGunActivity"
64-->src\main\AndroidManifest.xml:59:13-46
65            android:label="Select Gun" />
65-->src\main\AndroidManifest.xml:60:13-39
66        <activity
66-->src\main\AndroidManifest.xml:61:9-63:46
67            android:name="com.techhue.intents.MyOtherActivity"
67-->src\main\AndroidManifest.xml:62:13-44
68            android:label="Other Activity" />
68-->src\main\AndroidManifest.xml:63:13-43
69        <activity
69-->src\main\AndroidManifest.xml:64:9-72:20
70            android:name="com.techhue.intents.MyActivity"
70-->src\main\AndroidManifest.xml:65:13-39
71            android:label="@string/app_name" >
71-->src\main\AndroidManifest.xml:66:13-45
72            <intent-filter>
72-->src\main\AndroidManifest.xml:67:13-71:29
73                <action android:name="android.intent.action.MAIN" />
73-->src\main\AndroidManifest.xml:68:17-69
73-->src\main\AndroidManifest.xml:68:25-66
74
75                <category android:name="android.intent.category.LAUNCHER" />
75-->src\main\AndroidManifest.xml:70:17-77
75-->src\main\AndroidManifest.xml:70:27-74
76            </intent-filter>
77        </activity>
78        <activity
78-->src\main\AndroidManifest.xml:73:9-76:20
79            android:name="com.techhue.intents.DeviceStateActivity"
79-->src\main\AndroidManifest.xml:74:13-48
80            android:label="Device State" >
80-->src\main\AndroidManifest.xml:75:13-41
81        </activity>
82    </application>
83
84</manifest>